#
# There is insufficient memory for the Java Runtime Environment to continue.
# Native memory allocation (malloc) failed to allocate 1273024 bytes. Error detail: Chunk::new
# Possible reasons:
#   The system is out of physical RAM or swap space
#   This process is running with CompressedOops enabled, and the Java Heap may be blocking the growth of the native heap
# Possible solutions:
#   Reduce memory load on the system
#   Increase physical memory or swap space
#   Check if swap backing store is full
#   Decrease Java heap size (-Xmx/-Xms)
#   Decrease number of Java threads
#   Decrease Java thread stack sizes (-Xss)
#   Set larger code cache with -XX:ReservedCodeCacheSize=
#   JVM is running with Unscaled Compressed Oops mode in which the Java heap is
#     placed in the first 4GB address space. The Java Heap base address is the
#     maximum limit for the native heap growth. Please use -XX:HeapBaseMinAddress
#     to set the Java Heap base and to place the Java Heap above 4GB virtual address.
# This output file may be truncated or incomplete.
#
#  Out of Memory Error (arena.cpp:168), pid=10516, tid=28764
#
# JRE version: OpenJDK Runtime Environment Temurin-21.0.9+10 (21.0.9+10) (build 21.0.9+10-LTS)
# Java VM: OpenJDK 64-Bit Server VM Temurin-21.0.9+10 (21.0.9+10-LTS, mixed mode, sharing, tiered, compressed oops, compressed class ptrs, parallel gc, windows-amd64)
# No core dump will be written. Minidumps are not enabled by default on client versions of Windows
#

---------------  S U M M A R Y ------------

Command Line: --add-modules=ALL-SYSTEM --add-opens=java.base/java.util=ALL-UNNAMED --add-opens=java.base/java.lang=ALL-UNNAMED --add-opens=java.base/sun.nio.fs=ALL-UNNAMED -Declipse.application=org.eclipse.jdt.ls.core.id1 -Dosgi.bundles.defaultStartLevel=4 -Declipse.product=org.eclipse.jdt.ls.core.product -Djava.import.generatesMetadataFilesAtProjectRoot=false -DDetectVMInstallationsJob.disabled=true -Dfile.encoding=utf8 -XX:+UseParallelGC -XX:GCTimeRatio=4 -XX:AdaptiveSizePolicyWeight=90 -Dsun.zip.disableMemoryMapping=true -Xmx2G -Xms100m -Xlog:disable -javaagent:c:\Users\trong\.antigravity\extensions\redhat.java-1.52.0-win32-x64\lombok\lombok-1.18.39-4050.jar -XX:+HeapDumpOnOutOfMemoryError -XX:HeapDumpPath=c:\Users\trong\AppData\Roaming\Antigravity\User\workspaceStorage\b78f215e9d7d80069c6ed25a07bfdf49\redhat.java -Daether.dependencyCollector.impl=bf c:\Users\trong\.antigravity\extensions\redhat.java-1.52.0-win32-x64\server\plugins\org.eclipse.equinox.launcher_1.7.100.v20251111-0406.jar -configuration c:\Users\trong\AppData\Roaming\Antigravity\User\globalStorage\redhat.java\1.52.0\config_win -data c:\Users\trong\AppData\Roaming\Antigravity\User\workspaceStorage\b78f215e9d7d80069c6ed25a07bfdf49\redhat.java\jdt_ws --pipe=\\.\pipe\lsp-de2c919d8ea5592c20953f2b4bffbaf6-sock

Host: AMD Ryzen 5 5600H with Radeon Graphics         , 12 cores, 15G,  Windows 11 , 64 bit Build 26100 (10.0.26100.7705)
Time: Tue Feb  3 16:24:45 2026 SE Asia Standard Time elapsed time: 6611.797478 seconds (0d 1h 50m 11s)

---------------  T H R E A D  ---------------

Current thread (0x000002c56daaf780):  JavaThread "C2 CompilerThread0" daemon [_thread_in_native, id=28764, stack(0x000000eb5a200000,0x000000eb5a300000) (1024K)]


Current CompileTask:
C2:6611797 25594   !   4       org.eclipse.jdt.internal.compiler.lookup.ParameterizedGenericMethodBinding::computeCompatibleMethod18 (1107 bytes)

Stack: [0x000000eb5a200000,0x000000eb5a300000]
Native frames: (J=compiled Java code, j=interpreted, Vv=VM code, C=native code)
V  [jvm.dll+0x6d6e29]
V  [jvm.dll+0x8b4b76]
V  [jvm.dll+0x8b712e]
V  [jvm.dll+0x8b7813]
V  [jvm.dll+0x283d86]
V  [jvm.dll+0xc66ed]
V  [jvm.dll+0xc6c31]
V  [jvm.dll+0x3be53b]
V  [jvm.dll+0x38ab92]
V  [jvm.dll+0x389fda]
V  [jvm.dll+0x24bfa0]
V  [jvm.dll+0x24b580]
V  [jvm.dll+0x1cb13e]
V  [jvm.dll+0x25b29d]
V  [jvm.dll+0x25982a]
V  [jvm.dll+0x3f7ea6]
V  [jvm.dll+0x85e9ad]
V  [jvm.dll+0x6d565d]
C  [ucrtbase.dll+0x37b0]
C  [KERNEL32.DLL+0x2e8d7]
C  [ntdll.dll+0x8c40c]


---------------  P R O C E S S  ---------------

Threads class SMR info:
_java_thread_list=0x000002c573fd5d20, length=63, elements={
0x000002c51418d3d0, 0x000002c56daa44b0, 0x000002c51413e410, 0x000002c56daa7a00,
0x000002c56daa8a00, 0x000002c56daab460, 0x000002c56daabeb0, 0x000002c56daaf780,
0x000002c56daf3050, 0x000002c56dc7de40, 0x000002c56de3e3e0, 0x000002c572394c50,
0x000002c5722aec50, 0x000002c572385a00, 0x000002c57216a7e0, 0x000002c572a98250,
0x000002c572ecb440, 0x000002c572cd2b00, 0x000002c57268f770, 0x000002c5729172c0,
0x000002c575b71ec0, 0x000002c575b72550, 0x000002c575b74cb0, 0x000002c575b72be0,
0x000002c575b73f90, 0x000002c575b71830, 0x000002c575b74620, 0x000002c575b73270,
0x000002c575b73900, 0x000002c576fd0430, 0x000002c576fcfda0, 0x000002c576fce9f0,
0x000002c576fcdcd0, 0x000002c576fcf080, 0x000002c576fcf710, 0x000002c576fd0ac0,
0x000002c576fd4c60, 0x000002c577a9bd10, 0x000002c577a9e470, 0x000002c577a9feb0,
0x000002c5737be030, 0x000002c5737bed50, 0x000002c5737bd9a0, 0x000002c5737c2860,
0x000002c5737c2ef0, 0x000002c574a24790, 0x000002c574a24100, 0x000002c574a28fc0,
0x000002c574a2a370, 0x000002c574a27c10, 0x000002c574a28930, 0x000002c577a995b0,
0x000002c577a9dde0, 0x000002c577a9aff0, 0x000002c577a9eb00, 0x000002c577a9b680,
0x000002c577a9f190, 0x000002c577aa0540, 0x000002c5737be6c0, 0x000002c5737bb8d0,
0x000002c5737bc5f0, 0x000002c5737c0790, 0x000002c5737c0100
}

Java Threads: ( => current thread )
  0x000002c51418d3d0 JavaThread "main"                              [_thread_blocked, id=8312, stack(0x000000eb59800000,0x000000eb59900000) (1024K)]
  0x000002c56daa44b0 JavaThread "Reference Handler"          daemon [_thread_blocked, id=30036, stack(0x000000eb59c00000,0x000000eb59d00000) (1024K)]
  0x000002c51413e410 JavaThread "Finalizer"                  daemon [_thread_blocked, id=30096, stack(0x000000eb59d00000,0x000000eb59e00000) (1024K)]
  0x000002c56daa7a00 JavaThread "Signal Dispatcher"          daemon [_thread_blocked, id=28564, stack(0x000000eb59e00000,0x000000eb59f00000) (1024K)]
  0x000002c56daa8a00 JavaThread "Attach Listener"            daemon [_thread_blocked, id=10248, stack(0x000000eb59f00000,0x000000eb5a000000) (1024K)]
  0x000002c56daab460 JavaThread "Service Thread"             daemon [_thread_blocked, id=27360, stack(0x000000eb5a000000,0x000000eb5a100000) (1024K)]
  0x000002c56daabeb0 JavaThread "Monitor Deflation Thread"   daemon [_thread_blocked, id=26364, stack(0x000000eb5a100000,0x000000eb5a200000) (1024K)]
=>0x000002c56daaf780 JavaThread "C2 CompilerThread0"         daemon [_thread_in_native, id=28764, stack(0x000000eb5a200000,0x000000eb5a300000) (1024K)]
  0x000002c56daf3050 JavaThread "C1 CompilerThread0"         daemon [_thread_blocked, id=30004, stack(0x000000eb5a300000,0x000000eb5a400000) (1024K)]
  0x000002c56dc7de40 JavaThread "Common-Cleaner"             daemon [_thread_blocked, id=26532, stack(0x000000eb5a400000,0x000000eb5a500000) (1024K)]
  0x000002c56de3e3e0 JavaThread "Notification Thread"        daemon [_thread_blocked, id=29872, stack(0x000000eb5a500000,0x000000eb5a600000) (1024K)]
  0x000002c572394c50 JavaThread "Active Thread: Equinox Container: 5bcc63e6-a968-44ee-967b-63d407a74fbb"        [_thread_blocked, id=30848, stack(0x000000eb5ae00000,0x000000eb5af00000) (1024K)]
  0x000002c5722aec50 JavaThread "Refresh Thread: Equinox Container: 5bcc63e6-a968-44ee-967b-63d407a74fbb" daemon [_thread_blocked, id=30932, stack(0x000000eb5b000000,0x000000eb5b100000) (1024K)]
  0x000002c572385a00 JavaThread "Framework Event Dispatcher: Equinox Container: 5bcc63e6-a968-44ee-967b-63d407a74fbb" daemon [_thread_blocked, id=31036, stack(0x000000eb5b100000,0x000000eb5b200000) (1024K)]
  0x000002c57216a7e0 JavaThread "Start Level: Equinox Container: 5bcc63e6-a968-44ee-967b-63d407a74fbb" daemon [_thread_blocked, id=31040, stack(0x000000eb5b200000,0x000000eb5b300000) (1024K)]
  0x000002c572a98250 JavaThread "Bundle File Closer"         daemon [_thread_blocked, id=31468, stack(0x000000eb5b500000,0x000000eb5b600000) (1024K)]
  0x000002c572ecb440 JavaThread "SCR Component Actor"        daemon [_thread_blocked, id=31060, stack(0x000000eb5a600000,0x000000eb5a700000) (1024K)]
  0x000002c572cd2b00 JavaThread "Worker-JM"                         [_thread_blocked, id=30892, stack(0x000000eb5a700000,0x000000eb5a800000) (1024K)]
  0x000002c57268f770 JavaThread "JNA Cleaner"                daemon [_thread_blocked, id=30904, stack(0x000000eb5b600000,0x000000eb5b700000) (1024K)]
  0x000002c5729172c0 JavaThread "Java indexing"              daemon [_thread_blocked, id=30804, stack(0x000000eb5bc00000,0x000000eb5bd00000) (1024K)]
  0x000002c575b71ec0 JavaThread "Thread-1"                   daemon [_thread_in_native, id=30908, stack(0x000000eb5c300000,0x000000eb5c400000) (1024K)]
  0x000002c575b72550 JavaThread "Thread-2"                   daemon [_thread_in_native, id=31556, stack(0x000000eb5c400000,0x000000eb5c500000) (1024K)]
  0x000002c575b74cb0 JavaThread "Thread-3"                   daemon [_thread_in_native, id=30812, stack(0x000000eb5c500000,0x000000eb5c600000) (1024K)]
  0x000002c575b72be0 JavaThread "Thread-4"                   daemon [_thread_in_native, id=31412, stack(0x000000eb5c600000,0x000000eb5c700000) (1024K)]
  0x000002c575b73f90 JavaThread "Thread-5"                   daemon [_thread_in_native, id=31672, stack(0x000000eb5c700000,0x000000eb5c800000) (1024K)]
  0x000002c575b71830 JavaThread "Thread-6"                   daemon [_thread_in_native, id=22492, stack(0x000000eb5c800000,0x000000eb5c900000) (1024K)]
  0x000002c575b74620 JavaThread "Thread-7"                   daemon [_thread_in_native, id=31696, stack(0x000000eb5c900000,0x000000eb5ca00000) (1024K)]
  0x000002c575b73270 JavaThread "Thread-8"                   daemon [_thread_in_native, id=31420, stack(0x000000eb5ca00000,0x000000eb5cb00000) (1024K)]
  0x000002c575b73900 JavaThread "Thread-9"                   daemon [_thread_in_native, id=29000, stack(0x000000eb5cb00000,0x000000eb5cc00000) (1024K)]
  0x000002c576fd0430 JavaThread "Thread-10"                  daemon [_thread_in_native, id=31652, stack(0x000000eb5cc00000,0x000000eb5cd00000) (1024K)]
  0x000002c576fcfda0 JavaThread "Thread-11"                  daemon [_thread_in_native, id=31648, stack(0x000000eb5cd00000,0x000000eb5ce00000) (1024K)]
  0x000002c576fce9f0 JavaThread "Thread-12"                  daemon [_thread_in_native, id=31456, stack(0x000000eb5ce00000,0x000000eb5cf00000) (1024K)]
  0x000002c576fcdcd0 JavaThread "Thread-13"                  daemon [_thread_in_native, id=7660, stack(0x000000eb5cf00000,0x000000eb5d000000) (1024K)]
  0x000002c576fcf080 JavaThread "pool-2-thread-1"                   [_thread_blocked, id=31128, stack(0x000000eb5d000000,0x000000eb5d100000) (1024K)]
  0x000002c576fcf710 JavaThread "WorkspaceEventsHandler"            [_thread_blocked, id=31584, stack(0x000000eb5d100000,0x000000eb5d200000) (1024K)]
  0x000002c576fd0ac0 JavaThread "pool-1-thread-1"                   [_thread_blocked, id=30976, stack(0x000000eb5d200000,0x000000eb5d300000) (1024K)]
  0x000002c576fd4c60 JavaThread "pool-3-thread-1"                   [_thread_blocked, id=31132, stack(0x000000eb5b900000,0x000000eb5ba00000) (1024K)]
  0x000002c577a9bd10 JavaThread "Cleaner-0"                  daemon [_thread_blocked, id=33368, stack(0x000000eb5df00000,0x000000eb5e000000) (1024K)]
  0x000002c577a9e470 JavaThread "Compiler Source File Reader" daemon [_thread_blocked, id=26616, stack(0x000000eb5c200000,0x000000eb5c300000) (1024K)]
  0x000002c577a9feb0 JavaThread "Worker-23"                         [_thread_blocked, id=28160, stack(0x000000eb5d700000,0x000000eb5d800000) (1024K)]
  0x000002c5737be030 JavaThread "Worker-24"                         [_thread_blocked, id=5332, stack(0x000000eb59600000,0x000000eb59700000) (1024K)]
  0x000002c5737bed50 JavaThread "ForkJoinPool.commonPool-worker-32" daemon [_thread_blocked, id=2124, stack(0x000000eb5d600000,0x000000eb5d700000) (1024K)]
  0x000002c5737bd9a0 JavaThread "ForkJoinPool.commonPool-worker-34" daemon [_thread_blocked, id=15500, stack(0x000000eb5d900000,0x000000eb5da00000) (1024K)]
  0x000002c5737c2860 JavaThread "ForkJoinPool.commonPool-worker-36" daemon [_thread_blocked, id=14460, stack(0x000000eb5b800000,0x000000eb5b900000) (1024K)]
  0x000002c5737c2ef0 JavaThread "ForkJoinPool.commonPool-worker-35" daemon [_thread_blocked, id=32904, stack(0x000000eb5ba00000,0x000000eb5bb00000) (1024K)]
  0x000002c574a24790 JavaThread "ForkJoinPool.commonPool-worker-37" daemon [_thread_blocked, id=31496, stack(0x000000eb5bb00000,0x000000eb5bc00000) (1024K)]
  0x000002c574a24100 JavaThread "ForkJoinPool.commonPool-worker-38" daemon [_thread_blocked, id=9648, stack(0x000000eb5bd00000,0x000000eb5be00000) (1024K)]
  0x000002c574a28fc0 JavaThread "ForkJoinPool.commonPool-worker-39" daemon [_thread_blocked, id=29824, stack(0x000000eb5be00000,0x000000eb5bf00000) (1024K)]
  0x000002c574a2a370 JavaThread "ForkJoinPool.commonPool-worker-41" daemon [_thread_blocked, id=4776, stack(0x000000eb5c100000,0x000000eb5c200000) (1024K)]
  0x000002c574a27c10 JavaThread "Compiler Source File Reader" daemon [_thread_blocked, id=28776, stack(0x000000eb5d300000,0x000000eb5d400000) (1024K)]
  0x000002c574a28930 JavaThread "Compiler Source File Reader" daemon [_thread_blocked, id=23020, stack(0x000000eb5d400000,0x000000eb5d500000) (1024K)]
  0x000002c577a995b0 JavaThread "Compiler Source File Reader" daemon [_thread_blocked, id=9932, stack(0x000000eb5da00000,0x000000eb5db00000) (1024K)]
  0x000002c577a9dde0 JavaThread "Compiler Source File Reader" daemon [_thread_blocked, id=33576, stack(0x000000eb5db00000,0x000000eb5dc00000) (1024K)]
  0x000002c577a9aff0 JavaThread "Compiler Source File Reader" daemon [_thread_blocked, id=30112, stack(0x000000eb5dc00000,0x000000eb5dd00000) (1024K)]
  0x000002c577a9eb00 JavaThread "Compiler Source File Reader" daemon [_thread_blocked, id=31760, stack(0x000000eb5dd00000,0x000000eb5de00000) (1024K)]
  0x000002c577a9b680 JavaThread "Compiler Source File Reader" daemon [_thread_blocked, id=25664, stack(0x000000eb5de00000,0x000000eb5df00000) (1024K)]
  0x000002c577a9f190 JavaThread "Compiler Source File Reader" daemon [_thread_blocked, id=6096, stack(0x000000eb5e000000,0x000000eb5e100000) (1024K)]
  0x000002c577aa0540 JavaThread "Compiler Source File Reader" daemon [_thread_blocked, id=20668, stack(0x000000eb5e100000,0x000000eb5e200000) (1024K)]
  0x000002c5737be6c0 JavaThread "Worker-27"                         [_thread_blocked, id=9856, stack(0x000000eb59700000,0x000000eb59800000) (1024K)]
  0x000002c5737bb8d0 JavaThread "Compiler Processing Task"   daemon [_thread_blocked, id=28476, stack(0x000000eb5b700000,0x000000eb5b800000) (1024K)]
  0x000002c5737bc5f0 JavaThread "ForkJoinPool.commonPool-worker-42" daemon [_thread_blocked, id=26784, stack(0x000000eb5c000000,0x000000eb5c100000) (1024K)]
  0x000002c5737c0790 JavaThread "ForkJoinPool.commonPool-worker-43" daemon [_thread_blocked, id=31428, stack(0x000000eb5d500000,0x000000eb5d600000) (1024K)]
  0x000002c5737c0100 JavaThread "ForkJoinPool.commonPool-worker-44" daemon [_thread_blocked, id=380, stack(0x000000eb5d800000,0x000000eb5d900000) (1024K)]
Total: 63

Other Threads:
  0x000002c514124960 VMThread "VM Thread"                           [id=27612, stack(0x000000eb59b00000,0x000000eb59c00000) (1024K)]
  0x000002c51401ca00 WatcherThread "VM Periodic Task Thread"        [id=28976, stack(0x000000eb59a00000,0x000000eb59b00000) (1024K)]
  0x000002c5141ab810 WorkerThread "GC Thread#0"                     [id=8184, stack(0x000000eb59900000,0x000000eb59a00000) (1024K)]
  0x000002c5720c3e90 WorkerThread "GC Thread#1"                     [id=26520, stack(0x000000eb5a800000,0x000000eb5a900000) (1024K)]
  0x000002c5727c6580 WorkerThread "GC Thread#2"                     [id=30620, stack(0x000000eb5a900000,0x000000eb5aa00000) (1024K)]
  0x000002c5727c6920 WorkerThread "GC Thread#3"                     [id=13852, stack(0x000000eb5aa00000,0x000000eb5ab00000) (1024K)]
  0x000002c5720c4230 WorkerThread "GC Thread#4"                     [id=30076, stack(0x000000eb5ab00000,0x000000eb5ac00000) (1024K)]
  0x000002c5720c45d0 WorkerThread "GC Thread#5"                     [id=28908, stack(0x000000eb5ac00000,0x000000eb5ad00000) (1024K)]
  0x000002c5720c4970 WorkerThread "GC Thread#6"                     [id=18568, stack(0x000000eb5ad00000,0x000000eb5ae00000) (1024K)]
  0x000002c572393810 WorkerThread "GC Thread#7"                     [id=30916, stack(0x000000eb5af00000,0x000000eb5b000000) (1024K)]
  0x000002c572df0270 WorkerThread "GC Thread#8"                     [id=31384, stack(0x000000eb5b300000,0x000000eb5b400000) (1024K)]
  0x000002c572f0eab0 WorkerThread "GC Thread#9"                     [id=31388, stack(0x000000eb5b400000,0x000000eb5b500000) (1024K)]
Total: 12

Threads with active compile tasks:
C2 CompilerThread0  6611836 25594   !   4       org.eclipse.jdt.internal.compiler.lookup.ParameterizedGenericMethodBinding::computeCompatibleMethod18 (1107 bytes)
Total: 1

VM state: not at safepoint (normal execution)

VM Mutex/Monitor currently owned by a thread: None

Heap address: 0x0000000080000000, size: 2048 MB, Compressed Oops mode: 32-bit

CDS archive(s) mapped at: [0x000002c52b000000-0x000002c52bba0000-0x000002c52bba0000), size 12189696, SharedBaseAddress: 0x000002c52b000000, ArchiveRelocationMode: 1.
Compressed class space mapped at: 0x000002c52c000000-0x000002c56c000000, reserved size: 1073741824
Narrow klass base: 0x000002c52b000000, Narrow klass shift: 0, Narrow klass range: 0x100000000

GC Precious Log:
 CardTable entry size: 512
 CPUs: 12 total, 12 available
 Memory: 15752M
 Large Page Support: Disabled
 NUMA Support: Disabled
 Compressed Oops: Enabled (32-bit)
 Alignments: Space 512K, Generation 512K, Heap 2M
 Heap Min Capacity: 100M
 Heap Initial Capacity: 100M
 Heap Max Capacity: 2G
 Pre-touch: Disabled
 Parallel Workers: 10

Heap:
 PSYoungGen      total 16384K, used 1449K [0x00000000d5580000, 0x00000000d6700000, 0x0000000100000000)
  eden space 14848K, 1% used [0x00000000d5580000,0x00000000d55ae5d8,0x00000000d6400000)
  from space 1536K, 82% used [0x00000000d6580000,0x00000000d66bc010,0x00000000d6700000)
  to   space 1536K, 0% used [0x00000000d6400000,0x00000000d6400000,0x00000000d6580000)
 ParOldGen       total 1223168K, used 1222908K [0x0000000080000000, 0x00000000caa80000, 0x00000000d5580000)
  object space 1223168K, 99% used [0x0000000080000000,0x00000000caa3f0f0,0x00000000caa80000)
 Metaspace       used 84087K, committed 85696K, reserved 1179648K
  class space    used 8146K, committed 8960K, reserved 1048576K

Card table byte_map: [0x000002c513b30000,0x000002c513f40000] _byte_map_base: 0x000002c513730000

Marking Bits: (ParMarkBitMap*) 0x00007ff8dba02460
 Begin Bits: [0x000002c526640000, 0x000002c528640000)
 End Bits:   [0x000002c528640000, 0x000002c52a640000)

Polling page: 0x000002c511db0000

Metaspace:

Usage:
  Non-class:     74.16 MB used.
      Class:      7.96 MB used.
       Both:     82.12 MB used.

Virtual space:
  Non-class space:      128.00 MB reserved,      74.94 MB ( 59%) committed,  2 nodes.
      Class space:        1.00 GB reserved,       8.75 MB ( <1%) committed,  1 nodes.
             Both:        1.12 GB reserved,      83.69 MB (  7%) committed. 

Chunk freelists:
   Non-Class:  4.75 MB
       Class:  7.15 MB
        Both:  11.90 MB

MaxMetaspaceSize: unlimited
CompressedClassSpaceSize: 1.00 GB
Initial GC threshold: 21.00 MB
Current GC threshold: 138.25 MB
CDS: on
 - commit_granule_bytes: 65536.
 - commit_granule_words: 8192.
 - virtual_space_node_default_size: 8388608.
 - enlarge_chunks_in_place: 1.
 - use_allocation_guard: 0.


Internal statistics:

num_allocs_failed_limit: 9.
num_arena_births: 1672.
num_arena_deaths: 416.
num_vsnodes_births: 3.
num_vsnodes_deaths: 0.
num_space_committed: 1339.
num_space_uncommitted: 0.
num_chunks_returned_to_freelist: 496.
num_chunks_taken_from_freelist: 6232.
num_chunk_merges: 121.
num_chunk_splits: 3562.
num_chunks_enlarged: 1902.
num_inconsistent_stats: 0.

CodeHeap 'non-profiled nmethods': size=120000Kb used=27628Kb max_used=30481Kb free=92371Kb
 bounds [0x000002c51ee60000, 0x000002c520c30000, 0x000002c526390000]
CodeHeap 'profiled nmethods': size=120000Kb used=39997Kb max_used=51372Kb free=80002Kb
 bounds [0x000002c517390000, 0x000002c51a5c0000, 0x000002c51e8c0000]
CodeHeap 'non-nmethods': size=5760Kb used=1486Kb max_used=1584Kb free=4273Kb
 bounds [0x000002c51e8c0000, 0x000002c51eb30000, 0x000002c51ee60000]
CodeCache: size=245760Kb, used=69111Kb, max_used=83437Kb, free=176646Kb
 total_blobs=18328, nmethods=17524, adapters=705, full_count=0
Compilation: enabled, stopped_count=0, restarted_count=0

Compilation events (20 events):
Event: 6607.895 Thread 0x000002c56daaf780 nmethod 25583 0x000002c51f0d7b10 code [0x000002c51f0d7cc0, 0x000002c51f0d8168]
Event: 6607.895 Thread 0x000002c56daaf780 25584       4       org.eclipse.jdt.internal.core.PackageFragment::getCompilationUnit (31 bytes)
Event: 6607.904 Thread 0x000002c56daaf780 nmethod 25584 0x000002c51f1ec910 code [0x000002c51f1ecae0, 0x000002c51f1ed178]
Event: 6609.293 Thread 0x000002c56daaf780 25586       4       org.eclipse.jdt.internal.compiler.ast.TypeReference::<init> (10 bytes)
Event: 6609.293 Thread 0x000002c56daaf780 nmethod 25586 0x000002c51fe88410 code [0x000002c51fe885a0, 0x000002c51fe88638]
Event: 6609.303 Thread 0x000002c56daaf780 25587       4       org.eclipse.jdt.internal.compiler.ast.NullAnnotationMatching$SearchContradictions::visit (16 bytes)
Event: 6609.304 Thread 0x000002c56daaf780 nmethod 25587 0x000002c51f6fda10 code [0x000002c51f6fdba0, 0x000002c51f6fdc98]
Event: 6609.305 Thread 0x000002c56daaf780 25588       4       java.util.Optional::of (12 bytes)
Event: 6609.306 Thread 0x000002c56daaf780 nmethod 25588 0x000002c51f0d7790 code [0x000002c51f0d7920, 0x000002c51f0d7a28]
Event: 6609.322 Thread 0x000002c56daaf780 25589       4       org.eclipse.jdt.core.dom.ASTVisitor::<init> (6 bytes)
Event: 6609.323 Thread 0x000002c56daaf780 nmethod 25589 0x000002c51f0d7490 code [0x000002c51f0d7620, 0x000002c51f0d76b0]
Event: 6609.323 Thread 0x000002c56daaf780 25590       4       org.eclipse.jdt.internal.compiler.lookup.Binding::computeUniqueKey (6 bytes)
Event: 6609.323 Thread 0x000002c56daaf780 nmethod 25590 0x000002c51f712090 code [0x000002c51f712220, 0x000002c51f7122d0]
Event: 6609.324 Thread 0x000002c56daf3050 25591       3       org.eclipse.jdt.internal.compiler.lookup.TypeVariableBinding::genericSignature (132 bytes)
Event: 6609.324 Thread 0x000002c56daf3050 nmethod 25591 0x000002c518416c10 code [0x000002c518416ec0, 0x000002c518417920]
Event: 6609.324 Thread 0x000002c56daf3050 25592       3       org.eclipse.jdt.internal.compiler.lookup.ParameterizedTypeBinding::computeUniqueKey (333 bytes)
Event: 6609.326 Thread 0x000002c56daf3050 nmethod 25592 0x000002c518070b10 code [0x000002c518070f80, 0x000002c518072e48]
Event: 6610.695 Thread 0x000002c56daaf780 25593       4       lombok.core.AST::<init> (62 bytes)
Event: 6610.698 Thread 0x000002c56daaf780 nmethod 25593 0x000002c51f711910 code [0x000002c51f711ac0, 0x000002c51f711ed8]
Event: 6610.702 Thread 0x000002c56daaf780 25594   !   4       org.eclipse.jdt.internal.compiler.lookup.ParameterizedGenericMethodBinding::computeCompatibleMethod18 (1107 bytes)

GC Heap History (20 events):
Event: 6607.868 GC heap after
{Heap after GC invocations=2549 (full 6):
 PSYoungGen      total 9728K, used 2546K [0x00000000d5580000, 0x00000000d7200000, 0x0000000100000000)
  eden space 7168K, 0% used [0x00000000d5580000,0x00000000d5580000,0x00000000d5c80000)
  from space 2560K, 99% used [0x00000000d6480000,0x00000000d66fc860,0x00000000d6700000)
  to   space 8192K, 0% used [0x00000000d5c80000,0x00000000d5c80000,0x00000000d6480000)
 ParOldGen       total 1206272K, used 1206234K [0x0000000080000000, 0x00000000c9a00000, 0x00000000d5580000)
  object space 1206272K, 99% used [0x0000000080000000,0x00000000c99f6908,0x00000000c9a00000)
 Metaspace       used 84082K, committed 85696K, reserved 1179648K
  class space    used 8146K, committed 8960K, reserved 1048576K
}
Event: 6607.877 GC heap before
{Heap before GC invocations=2550 (full 6):
 PSYoungGen      total 9728K, used 9714K [0x00000000d5580000, 0x00000000d7200000, 0x0000000100000000)
  eden space 7168K, 100% used [0x00000000d5580000,0x00000000d5c80000,0x00000000d5c80000)
  from space 2560K, 99% used [0x00000000d6480000,0x00000000d66fc860,0x00000000d6700000)
  to   space 8192K, 0% used [0x00000000d5c80000,0x00000000d5c80000,0x00000000d6480000)
 ParOldGen       total 1206272K, used 1206234K [0x0000000080000000, 0x00000000c9a00000, 0x00000000d5580000)
  object space 1206272K, 99% used [0x0000000080000000,0x00000000c99f6908,0x00000000c9a00000)
 Metaspace       used 84082K, committed 85696K, reserved 1179648K
  class space    used 8146K, committed 8960K, reserved 1048576K
}
Event: 6607.881 GC heap after
{Heap after GC invocations=2550 (full 6):
 PSYoungGen      total 9216K, used 1565K [0x00000000d5580000, 0x00000000d6500000, 0x0000000100000000)
  eden space 7168K, 0% used [0x00000000d5580000,0x00000000d5580000,0x00000000d5c80000)
  from space 2048K, 76% used [0x00000000d5c80000,0x00000000d5e07410,0x00000000d5e80000)
  to   space 3584K, 0% used [0x00000000d6180000,0x00000000d6180000,0x00000000d6500000)
 ParOldGen       total 1208832K, used 1208684K [0x0000000080000000, 0x00000000c9c80000, 0x00000000d5580000)
  object space 1208832K, 99% used [0x0000000080000000,0x00000000c9c5b168,0x00000000c9c80000)
 Metaspace       used 84082K, committed 85696K, reserved 1179648K
  class space    used 8146K, committed 8960K, reserved 1048576K
}
Event: 6607.890 GC heap before
{Heap before GC invocations=2551 (full 6):
 PSYoungGen      total 9216K, used 8733K [0x00000000d5580000, 0x00000000d6500000, 0x0000000100000000)
  eden space 7168K, 100% used [0x00000000d5580000,0x00000000d5c80000,0x00000000d5c80000)
  from space 2048K, 76% used [0x00000000d5c80000,0x00000000d5e07410,0x00000000d5e80000)
  to   space 3584K, 0% used [0x00000000d6180000,0x00000000d6180000,0x00000000d6500000)
 ParOldGen       total 1208832K, used 1208684K [0x0000000080000000, 0x00000000c9c80000, 0x00000000d5580000)
  object space 1208832K, 99% used [0x0000000080000000,0x00000000c9c5b168,0x00000000c9c80000)
 Metaspace       used 84082K, committed 85696K, reserved 1179648K
  class space    used 8146K, committed 8960K, reserved 1048576K
}
Event: 6607.894 GC heap after
{Heap after GC invocations=2551 (full 6):
 PSYoungGen      total 9728K, used 852K [0x00000000d5580000, 0x00000000d6280000, 0x0000000100000000)
  eden space 8704K, 0% used [0x00000000d5580000,0x00000000d5580000,0x00000000d5e00000)
  from space 1024K, 83% used [0x00000000d6180000,0x00000000d6255000,0x00000000d6280000)
  to   space 1536K, 0% used [0x00000000d5f80000,0x00000000d5f80000,0x00000000d6100000)
 ParOldGen       total 1210368K, used 1210117K [0x0000000080000000, 0x00000000c9e00000, 0x00000000d5580000)
  object space 1210368K, 99% used [0x0000000080000000,0x00000000c9dc14e0,0x00000000c9e00000)
 Metaspace       used 84082K, committed 85696K, reserved 1179648K
  class space    used 8146K, committed 8960K, reserved 1048576K
}
Event: 6607.915 GC heap before
{Heap before GC invocations=2552 (full 6):
 PSYoungGen      total 9728K, used 9556K [0x00000000d5580000, 0x00000000d6280000, 0x0000000100000000)
  eden space 8704K, 100% used [0x00000000d5580000,0x00000000d5e00000,0x00000000d5e00000)
  from space 1024K, 83% used [0x00000000d6180000,0x00000000d6255000,0x00000000d6280000)
  to   space 1536K, 0% used [0x00000000d5f80000,0x00000000d5f80000,0x00000000d6100000)
 ParOldGen       total 1210368K, used 1210117K [0x0000000080000000, 0x00000000c9e00000, 0x00000000d5580000)
  object space 1210368K, 99% used [0x0000000080000000,0x00000000c9dc14e0,0x00000000c9e00000)
 Metaspace       used 84082K, committed 85696K, reserved 1179648K
  class space    used 8146K, committed 8960K, reserved 1048576K
}
Event: 6607.918 GC heap after
{Heap after GC invocations=2552 (full 6):
 PSYoungGen      total 10240K, used 1188K [0x00000000d5580000, 0x00000000d6200000, 0x0000000100000000)
  eden space 8704K, 0% used [0x00000000d5580000,0x00000000d5580000,0x00000000d5e00000)
  from space 1536K, 77% used [0x00000000d5f80000,0x00000000d60a9210,0x00000000d6100000)
  to   space 1024K, 0% used [0x00000000d6100000,0x00000000d6100000,0x00000000d6200000)
 ParOldGen       total 1210880K, used 1210857K [0x0000000080000000, 0x00000000c9e80000, 0x00000000d5580000)
  object space 1210880K, 99% used [0x0000000080000000,0x00000000c9e7a4e0,0x00000000c9e80000)
 Metaspace       used 84082K, committed 85696K, reserved 1179648K
  class space    used 8146K, committed 8960K, reserved 1048576K
}
Event: 6607.924 GC heap before
{Heap before GC invocations=2553 (full 6):
 PSYoungGen      total 10240K, used 9892K [0x00000000d5580000, 0x00000000d6200000, 0x0000000100000000)
  eden space 8704K, 100% used [0x00000000d5580000,0x00000000d5e00000,0x00000000d5e00000)
  from space 1536K, 77% used [0x00000000d5f80000,0x00000000d60a9210,0x00000000d6100000)
  to   space 1024K, 0% used [0x00000000d6100000,0x00000000d6100000,0x00000000d6200000)
 ParOldGen       total 1210880K, used 1210857K [0x0000000080000000, 0x00000000c9e80000, 0x00000000d5580000)
  object space 1210880K, 99% used [0x0000000080000000,0x00000000c9e7a4e0,0x00000000c9e80000)
 Metaspace       used 84082K, committed 85696K, reserved 1179648K
  class space    used 8146K, committed 8960K, reserved 1048576K
}
Event: 6607.926 GC heap after
{Heap after GC invocations=2553 (full 6):
 PSYoungGen      total 9216K, used 1001K [0x00000000d5580000, 0x00000000d6700000, 0x0000000100000000)
  eden space 8192K, 0% used [0x00000000d5580000,0x00000000d5580000,0x00000000d5d80000)
  from space 1024K, 97% used [0x00000000d6100000,0x00000000d61fa430,0x00000000d6200000)
  to   space 3584K, 0% used [0x00000000d5d80000,0x00000000d5d80000,0x00000000d6100000)
 ParOldGen       total 1213440K, used 1212987K [0x0000000080000000, 0x00000000ca100000, 0x00000000d5580000)
  object space 1213440K, 99% used [0x0000000080000000,0x00000000ca08ec10,0x00000000ca100000)
 Metaspace       used 84082K, committed 85696K, reserved 1179648K
  class space    used 8146K, committed 8960K, reserved 1048576K
}
Event: 6607.934 GC heap before
{Heap before GC invocations=2554 (full 6):
 PSYoungGen      total 9216K, used 9193K [0x00000000d5580000, 0x00000000d6700000, 0x0000000100000000)
  eden space 8192K, 100% used [0x00000000d5580000,0x00000000d5d80000,0x00000000d5d80000)
  from space 1024K, 97% used [0x00000000d6100000,0x00000000d61fa430,0x00000000d6200000)
  to   space 3584K, 0% used [0x00000000d5d80000,0x00000000d5d80000,0x00000000d6100000)
 ParOldGen       total 1213440K, used 1212987K [0x0000000080000000, 0x00000000ca100000, 0x00000000d5580000)
  object space 1213440K, 99% used [0x0000000080000000,0x00000000ca08ec10,0x00000000ca100000)
 Metaspace       used 84082K, committed 85696K, reserved 1179648K
  class space    used 8146K, committed 8960K, reserved 1048576K
}
Event: 6607.938 GC heap after
{Heap after GC invocations=2554 (full 6):
 PSYoungGen      total 11776K, used 3584K [0x00000000d5580000, 0x00000000d6980000, 0x0000000100000000)
  eden space 8192K, 0% used [0x00000000d5580000,0x00000000d5580000,0x00000000d5d80000)
  from space 3584K, 100% used [0x00000000d5d80000,0x00000000d6100000,0x00000000d6100000)
  to   space 5120K, 0% used [0x00000000d6480000,0x00000000d6480000,0x00000000d6980000)
 ParOldGen       total 1214464K, used 1214067K [0x0000000080000000, 0x00000000ca200000, 0x00000000d5580000)
  object space 1214464K, 99% used [0x0000000080000000,0x00000000ca19ce18,0x00000000ca200000)
 Metaspace       used 84082K, committed 85696K, reserved 1179648K
  class space    used 8146K, committed 8960K, reserved 1048576K
}
Event: 6607.950 GC heap before
{Heap before GC invocations=2555 (full 6):
 PSYoungGen      total 11776K, used 11776K [0x00000000d5580000, 0x00000000d6980000, 0x0000000100000000)
  eden space 8192K, 100% used [0x00000000d5580000,0x00000000d5d80000,0x00000000d5d80000)
  from space 3584K, 100% used [0x00000000d5d80000,0x00000000d6100000,0x00000000d6100000)
  to   space 5120K, 0% used [0x00000000d6480000,0x00000000d6480000,0x00000000d6980000)
 ParOldGen       total 1214464K, used 1214067K [0x0000000080000000, 0x00000000ca200000, 0x00000000d5580000)
  object space 1214464K, 99% used [0x0000000080000000,0x00000000ca19ce18,0x00000000ca200000)
 Metaspace       used 84082K, committed 85696K, reserved 1179648K
  class space    used 8146K, committed 8960K, reserved 1048576K
}
Event: 6607.954 GC heap after
{Heap after GC invocations=2555 (full 6):
 PSYoungGen      total 12288K, used 1885K [0x00000000d5580000, 0x00000000d6680000, 0x0000000100000000)
  eden space 10240K, 0% used [0x00000000d5580000,0x00000000d5580000,0x00000000d5f80000)
  from space 2048K, 92% used [0x00000000d6480000,0x00000000d6657410,0x00000000d6680000)
  to   space 3072K, 0% used [0x00000000d6080000,0x00000000d6080000,0x00000000d6380000)
 ParOldGen       total 1218048K, used 1217714K [0x0000000080000000, 0x00000000ca580000, 0x00000000d5580000)
  object space 1218048K, 99% used [0x0000000080000000,0x00000000ca52cb18,0x00000000ca580000)
 Metaspace       used 84082K, committed 85696K, reserved 1179648K
  class space    used 8146K, committed 8960K, reserved 1048576K
}
Event: 6609.294 GC heap before
{Heap before GC invocations=2556 (full 6):
 PSYoungGen      total 12288K, used 12125K [0x00000000d5580000, 0x00000000d6680000, 0x0000000100000000)
  eden space 10240K, 100% used [0x00000000d5580000,0x00000000d5f80000,0x00000000d5f80000)
  from space 2048K, 92% used [0x00000000d6480000,0x00000000d6657410,0x00000000d6680000)
  to   space 3072K, 0% used [0x00000000d6080000,0x00000000d6080000,0x00000000d6380000)
 ParOldGen       total 1218048K, used 1217714K [0x0000000080000000, 0x00000000ca580000, 0x00000000d5580000)
  object space 1218048K, 99% used [0x0000000080000000,0x00000000ca52cb18,0x00000000ca580000)
 Metaspace       used 84082K, committed 85696K, reserved 1179648K
  class space    used 8146K, committed 8960K, reserved 1048576K
}
Event: 6609.296 GC heap after
{Heap after GC invocations=2556 (full 6):
 PSYoungGen      total 11776K, used 1336K [0x00000000d5580000, 0x00000000d6500000, 0x0000000100000000)
  eden space 10240K, 0% used [0x00000000d5580000,0x00000000d5580000,0x00000000d5f80000)
  from space 1536K, 87% used [0x00000000d6080000,0x00000000d61ce210,0x00000000d6200000)
  to   space 2048K, 0% used [0x00000000d6300000,0x00000000d6300000,0x00000000d6500000)
 ParOldGen       total 1219584K, used 1219419K [0x0000000080000000, 0x00000000ca700000, 0x00000000d5580000)
  object space 1219584K, 99% used [0x0000000080000000,0x00000000ca6d6e90,0x00000000ca700000)
 Metaspace       used 84082K, committed 85696K, reserved 1179648K
  class space    used 8146K, committed 8960K, reserved 1048576K
}
Event: 6609.689 GC heap before
{Heap before GC invocations=2557 (full 6):
 PSYoungGen      total 11776K, used 11576K [0x00000000d5580000, 0x00000000d6500000, 0x0000000100000000)
  eden space 10240K, 99% used [0x00000000d5580000,0x00000000d5f7fff8,0x00000000d5f80000)
  from space 1536K, 87% used [0x00000000d6080000,0x00000000d61ce210,0x00000000d6200000)
  to   space 2048K, 0% used [0x00000000d6300000,0x00000000d6300000,0x00000000d6500000)
 ParOldGen       total 1219584K, used 1219419K [0x0000000080000000, 0x00000000ca700000, 0x00000000d5580000)
  object space 1219584K, 99% used [0x0000000080000000,0x00000000ca6d6e90,0x00000000ca700000)
 Metaspace       used 84087K, committed 85696K, reserved 1179648K
  class space    used 8146K, committed 8960K, reserved 1048576K
}
Event: 6610.691 GC heap after
{Heap after GC invocations=2557 (full 6):
 PSYoungGen      total 13824K, used 1172K [0x00000000d5580000, 0x00000000d6480000, 0x0000000100000000)
  eden space 12288K, 0% used [0x00000000d5580000,0x00000000d5580000,0x00000000d6180000)
  from space 1536K, 76% used [0x00000000d6300000,0x00000000d6425240,0x00000000d6480000)
  to   space 1536K, 0% used [0x00000000d6180000,0x00000000d6180000,0x00000000d6300000)
 ParOldGen       total 1221120K, used 1220618K [0x0000000080000000, 0x00000000ca880000, 0x00000000d5580000)
  object space 1221120K, 99% used [0x0000000080000000,0x00000000ca802900,0x00000000ca880000)
 Metaspace       used 84087K, committed 85696K, reserved 1179648K
  class space    used 8146K, committed 8960K, reserved 1048576K
}
Event: 6610.704 GC heap before
{Heap before GC invocations=2558 (full 6):
 PSYoungGen      total 13824K, used 13460K [0x00000000d5580000, 0x00000000d6480000, 0x0000000100000000)
  eden space 12288K, 100% used [0x00000000d5580000,0x00000000d6180000,0x00000000d6180000)
  from space 1536K, 76% used [0x00000000d6300000,0x00000000d6425240,0x00000000d6480000)
  to   space 1536K, 0% used [0x00000000d6180000,0x00000000d6180000,0x00000000d6300000)
 ParOldGen       total 1221120K, used 1220618K [0x0000000080000000, 0x00000000ca880000, 0x00000000d5580000)
  object space 1221120K, 99% used [0x0000000080000000,0x00000000ca802900,0x00000000ca880000)
 Metaspace       used 84087K, committed 85696K, reserved 1179648K
  class space    used 8146K, committed 8960K, reserved 1048576K
}
Event: 6610.707 GC heap after
{Heap after GC invocations=2558 (full 6):
 PSYoungGen      total 13824K, used 1364K [0x00000000d5580000, 0x00000000d6700000, 0x0000000100000000)
  eden space 12288K, 0% used [0x00000000d5580000,0x00000000d5580000,0x00000000d6180000)
  from space 1536K, 88% used [0x00000000d6180000,0x00000000d62d5220,0x00000000d6300000)
  to   space 1536K, 0% used [0x00000000d6580000,0x00000000d6580000,0x00000000d6700000)
 ParOldGen       total 1222144K, used 1221665K [0x0000000080000000, 0x00000000ca980000, 0x00000000d5580000)
  object space 1222144K, 99% used [0x0000000080000000,0x00000000ca908640,0x00000000ca980000)
 Metaspace       used 84087K, committed 85696K, reserved 1179648K
  class space    used 8146K, committed 8960K, reserved 1048576K
}
Event: 6611.659 GC heap before
{Heap before GC invocations=2559 (full 6):
 PSYoungGen      total 13824K, used 13652K [0x00000000d5580000, 0x00000000d6700000, 0x0000000100000000)
  eden space 12288K, 100% used [0x00000000d5580000,0x00000000d6180000,0x00000000d6180000)
  from space 1536K, 88% used [0x00000000d6180000,0x00000000d62d5220,0x00000000d6300000)
  to   space 1536K, 0% used [0x00000000d6580000,0x00000000d6580000,0x00000000d6700000)
 ParOldGen       total 1222144K, used 1221665K [0x0000000080000000, 0x00000000ca980000, 0x00000000d5580000)
  object space 1222144K, 99% used [0x0000000080000000,0x00000000ca908640,0x00000000ca980000)
 Metaspace       used 84087K, committed 85696K, reserved 1179648K
  class space    used 8146K, committed 8960K, reserved 1048576K
}

Dll operation events (10 events):
Event: 0.012 Loaded shared library c:\Users\trong\.antigravity\extensions\redhat.java-1.52.0-win32-x64\jre\21.0.9-win32-x86_64\bin\java.dll
Event: 0.092 Loaded shared library c:\Users\trong\.antigravity\extensions\redhat.java-1.52.0-win32-x64\jre\21.0.9-win32-x86_64\bin\zip.dll
Event: 0.122 Loaded shared library C:\Users\trong\.antigravity\extensions\redhat.java-1.52.0-win32-x64\jre\21.0.9-win32-x86_64\bin\instrument.dll
Event: 0.128 Loaded shared library C:\Users\trong\.antigravity\extensions\redhat.java-1.52.0-win32-x64\jre\21.0.9-win32-x86_64\bin\net.dll
Event: 0.137 Loaded shared library C:\Users\trong\.antigravity\extensions\redhat.java-1.52.0-win32-x64\jre\21.0.9-win32-x86_64\bin\nio.dll
Event: 0.158 Loaded shared library C:\Users\trong\.antigravity\extensions\redhat.java-1.52.0-win32-x64\jre\21.0.9-win32-x86_64\bin\zip.dll
Event: 0.186 Loaded shared library C:\Users\trong\.antigravity\extensions\redhat.java-1.52.0-win32-x64\jre\21.0.9-win32-x86_64\bin\jimage.dll
Event: 0.311 Loaded shared library c:\Users\trong\.antigravity\extensions\redhat.java-1.52.0-win32-x64\jre\21.0.9-win32-x86_64\bin\verify.dll
Event: 2.182 Loaded shared library C:\Users\trong\AppData\Roaming\Antigravity\User\globalStorage\redhat.java\1.52.0\config_win\org.eclipse.equinox.launcher\org.eclipse.equinox.launcher.win32.win32.x86_64_1.2.1500.v20260121-1430\eclipse_11919.dll
Event: 6.091 Loaded shared library C:\Users\trong\AppData\Local\Temp\jna-110634794\jna9026049546358897317.dll

Deoptimization events (20 events):
Event: 6607.349 Thread 0x000002c574a24790 DEOPT PACKING pc=0x000002c517407c0f sp=0x000000eb5bbfe090
Event: 6607.349 Thread 0x000002c574a24790 DEOPT UNPACKING pc=0x000002c51e914242 sp=0x000000eb5bbfd5c0 mode 0
Event: 6607.432 Thread 0x000002c5737c2ef0 DEOPT PACKING pc=0x000002c51a1a5344 sp=0x000000eb5bafd900
Event: 6607.432 Thread 0x000002c5737c2ef0 DEOPT UNPACKING pc=0x000002c51e914242 sp=0x000000eb5bafcd80 mode 0
Event: 6607.517 Thread 0x000002c574a24790 DEOPT PACKING pc=0x000002c517407c0f sp=0x000000eb5bbfe090
Event: 6607.517 Thread 0x000002c574a24790 DEOPT UNPACKING pc=0x000002c51e914242 sp=0x000000eb5bbfd5c0 mode 0
Event: 6607.645 Thread 0x000002c5737c2ef0 Uncommon trap: trap_request=0xffffff6e fr.pc=0x000002c51fe88bdc relative=0x00000000000001fc
Event: 6607.645 Thread 0x000002c5737c2ef0 Uncommon trap: reason=loop_limit_check action=maybe_recompile pc=0x000002c51fe88bdc method=org.eclipse.jdt.internal.corext.dom.ScopeAnalyzer$ScopeAnalyzerVisitor.visitBackwards(Ljava/util/List;)V @ 51 c2
Event: 6607.645 Thread 0x000002c5737c2ef0 DEOPT PACKING pc=0x000002c51fe88bdc sp=0x000000eb5bafe110
Event: 6607.645 Thread 0x000002c5737c2ef0 DEOPT UNPACKING pc=0x000002c51e913aa2 sp=0x000000eb5bafe0a0 mode 2
Event: 6607.815 Thread 0x000002c574a24790 Uncommon trap: trap_request=0xffffffc6 fr.pc=0x000002c5207748a8 relative=0x0000000000001bc8
Event: 6607.815 Thread 0x000002c574a24790 Uncommon trap: reason=bimorphic_or_optimized_type_check action=maybe_recompile pc=0x000002c5207748a8 method=org.eclipse.jdt.internal.compiler.lookup.ClassScope.buildFields()V @ 56 c2
Event: 6607.815 Thread 0x000002c574a24790 DEOPT PACKING pc=0x000002c5207748a8 sp=0x000000eb5bbfe050
Event: 6607.815 Thread 0x000002c574a24790 DEOPT UNPACKING pc=0x000002c51e913aa2 sp=0x000000eb5bbfdfc0 mode 2
Event: 6607.889 Thread 0x000002c574a24790 DEOPT PACKING pc=0x000002c517407c0f sp=0x000000eb5bbfe090
Event: 6607.889 Thread 0x000002c574a24790 DEOPT UNPACKING pc=0x000002c51e914242 sp=0x000000eb5bbfd5c0 mode 0
Event: 6609.304 Thread 0x000002c5737bed50 Uncommon trap: trap_request=0xffffffde fr.pc=0x000002c5209ae980 relative=0x0000000000007760
Event: 6609.304 Thread 0x000002c5737bed50 Uncommon trap: reason=class_check action=maybe_recompile pc=0x000002c5209ae980 method=org.eclipse.jdt.core.dom.ASTConverter.convertType(Lorg/eclipse/jdt/internal/compiler/ast/TypeReference;)Lorg/eclipse/jdt/core/dom/Type; @ 2075 c2
Event: 6609.304 Thread 0x000002c5737bed50 DEOPT PACKING pc=0x000002c5209ae980 sp=0x000000eb5d6fd840
Event: 6609.304 Thread 0x000002c5737bed50 DEOPT UNPACKING pc=0x000002c51e913aa2 sp=0x000000eb5d6fd7c8 mode 2

Classes loaded (20 events):
Event: 3298.247 Loading class java/util/regex/Pattern$Neg
Event: 3298.247 Loading class java/util/regex/Pattern$Neg done
Event: 3356.729 Loading class java/util/concurrent/ConcurrentHashMap$TreeNode
Event: 3356.730 Loading class java/util/concurrent/ConcurrentHashMap$TreeNode done
Event: 3356.731 Loading class java/util/concurrent/ConcurrentHashMap$TreeBin
Event: 3356.732 Loading class java/util/concurrent/ConcurrentHashMap$TreeBin done
Event: 3801.251 Loading class java/util/regex/Pattern$End
Event: 3801.252 Loading class java/util/regex/Pattern$End done
Event: 3928.637 Loading class java/util/function/IntPredicate
Event: 3928.639 Loading class java/util/function/IntPredicate done
Event: 3928.736 Loading class java/util/regex/Pattern$Bound
Event: 3928.769 Loading class java/util/regex/Pattern$Bound done
Event: 4097.497 Loading class java/lang/Throwable$WrappedPrintWriter
Event: 4097.497 Loading class java/lang/Throwable$PrintStreamOrWriter
Event: 4097.498 Loading class java/lang/Throwable$PrintStreamOrWriter done
Event: 4097.498 Loading class java/lang/Throwable$WrappedPrintWriter done
Event: 4307.566 Loading class java/nio/channels/CompletionHandler
Event: 4307.567 Loading class java/nio/channels/CompletionHandler done
Event: 5724.257 Loading class jdk/internal/reflect/AccessorUtils
Event: 5724.273 Loading class jdk/internal/reflect/AccessorUtils done

Classes unloaded (20 events):
Event: 6278.524 Thread 0x000002c514124960 Unloading class 0x000002c52c205400 'java/lang/invoke/LambdaForm$MH+0x000002c52c205400'
Event: 6278.524 Thread 0x000002c514124960 Unloading class 0x000002c52c205000 'java/lang/invoke/LambdaForm$MH+0x000002c52c205000'
Event: 6278.524 Thread 0x000002c514124960 Unloading class 0x000002c52c1be400 'java/lang/invoke/LambdaForm$MH+0x000002c52c1be400'
Event: 6278.524 Thread 0x000002c514124960 Unloading class 0x000002c52c1bd400 'java/lang/invoke/LambdaForm$MH+0x000002c52c1bd400'
Event: 6278.524 Thread 0x000002c514124960 Unloading class 0x000002c52c1bd000 'java/lang/invoke/LambdaForm$MH+0x000002c52c1bd000'
Event: 6278.524 Thread 0x000002c514124960 Unloading class 0x000002c52c1bc800 'java/lang/invoke/LambdaForm$MH+0x000002c52c1bc800'
Event: 6278.524 Thread 0x000002c514124960 Unloading class 0x000002c52c1bc000 'java/lang/invoke/LambdaForm$MH+0x000002c52c1bc000'
Event: 6278.524 Thread 0x000002c514124960 Unloading class 0x000002c52c1a5000 'java/lang/invoke/LambdaForm$MH+0x000002c52c1a5000'
Event: 6278.524 Thread 0x000002c514124960 Unloading class 0x000002c52c1a4c00 'java/lang/invoke/LambdaForm$MH+0x000002c52c1a4c00'
Event: 6278.524 Thread 0x000002c514124960 Unloading class 0x000002c52c1a1800 'java/lang/invoke/LambdaForm$MH+0x000002c52c1a1800'
Event: 6278.524 Thread 0x000002c514124960 Unloading class 0x000002c52c172800 'java/lang/invoke/LambdaForm$MH+0x000002c52c172800'
Event: 6278.524 Thread 0x000002c514124960 Unloading class 0x000002c52c172000 'java/lang/invoke/LambdaForm$MH+0x000002c52c172000'
Event: 6278.524 Thread 0x000002c514124960 Unloading class 0x000002c52c171c00 'java/lang/invoke/LambdaForm$MH+0x000002c52c171c00'
Event: 6278.524 Thread 0x000002c514124960 Unloading class 0x000002c52c019400 'java/lang/invoke/LambdaForm$MH+0x000002c52c019400'
Event: 6278.525 Thread 0x000002c514124960 Unloading class 0x000002c52c018400 'java/lang/invoke/LambdaForm$MH+0x000002c52c018400'
Event: 6278.525 Thread 0x000002c514124960 Unloading class 0x000002c52c018000 'java/lang/invoke/LambdaForm$MH+0x000002c52c018000'
Event: 6278.525 Thread 0x000002c514124960 Unloading class 0x000002c52c017400 'java/lang/invoke/LambdaForm$MH+0x000002c52c017400'
Event: 6278.525 Thread 0x000002c514124960 Unloading class 0x000002c52c016400 'java/lang/invoke/LambdaForm$MH+0x000002c52c016400'
Event: 6278.525 Thread 0x000002c514124960 Unloading class 0x000002c52c014800 'java/lang/invoke/LambdaForm$MH+0x000002c52c014800'
Event: 6278.525 Thread 0x000002c514124960 Unloading class 0x000002c52c000400 'java/lang/invoke/LambdaForm$MH+0x000002c52c000400'

Classes redefined (0 events):
No events

Internal exceptions (20 events):
Event: 6279.699 Thread 0x000002c5729172c0 Exception <a 'sun/nio/fs/WindowsException'{0x00000000d610df80}> (0x00000000d610df80) 
thrown [s\src\hotspot\share\prims\jni.cpp, line 520]
Event: 6295.952 Thread 0x000002c5729172c0 Exception <a 'sun/nio/fs/WindowsException'{0x00000000d651d108}> (0x00000000d651d108) 
thrown [s\src\hotspot\share\prims\jni.cpp, line 520]
Event: 6296.187 Thread 0x000002c5729172c0 Exception <a 'sun/nio/fs/WindowsException'{0x00000000d5b98948}> (0x00000000d5b98948) 
thrown [s\src\hotspot\share\prims\jni.cpp, line 520]
Event: 6308.228 Thread 0x000002c5729172c0 Exception <a 'sun/nio/fs/WindowsException'{0x00000000d590be10}> (0x00000000d590be10) 
thrown [s\src\hotspot\share\prims\jni.cpp, line 520]
Event: 6308.387 Thread 0x000002c5729172c0 Exception <a 'sun/nio/fs/WindowsException'{0x00000000d566d168}> (0x00000000d566d168) 
thrown [s\src\hotspot\share\prims\jni.cpp, line 520]
Event: 6326.924 Thread 0x000002c5729172c0 Exception <a 'sun/nio/fs/WindowsException'{0x00000000d5f9e790}> (0x00000000d5f9e790) 
thrown [s\src\hotspot\share\prims\jni.cpp, line 520]
Event: 6327.102 Thread 0x000002c5729172c0 Exception <a 'sun/nio/fs/WindowsException'{0x00000000d5e37f80}> (0x00000000d5e37f80) 
thrown [s\src\hotspot\share\prims\jni.cpp, line 520]
Event: 6437.052 Thread 0x000002c5737be030 Exception <a 'sun/nio/fs/WindowsException'{0x00000000d5583150}> (0x00000000d5583150) 
thrown [s\src\hotspot\share\prims\jni.cpp, line 520]
Event: 6437.053 Thread 0x000002c5737be030 Exception <a 'sun/nio/fs/WindowsException'{0x00000000d5583d58}> (0x00000000d5583d58) 
thrown [s\src\hotspot\share\prims\jni.cpp, line 520]
Event: 6560.790 Thread 0x000002c576fd0ac0 Implicit null exception at 0x000002c51f8eacb5 to 0x000002c51f8eaeb8
Event: 6562.418 Thread 0x000002c5729172c0 Exception <a 'sun/nio/fs/WindowsException'{0x00000000d575c8b8}> (0x00000000d575c8b8) 
thrown [s\src\hotspot\share\prims\jni.cpp, line 520]
Event: 6562.717 Thread 0x000002c5729172c0 Exception <a 'sun/nio/fs/WindowsException'{0x00000000d55cf9d0}> (0x00000000d55cf9d0) 
thrown [s\src\hotspot\share\prims\jni.cpp, line 520]
Event: 6575.134 Thread 0x000002c5729172c0 Exception <a 'sun/nio/fs/WindowsException'{0x00000000d56c69d0}> (0x00000000d56c69d0) 
thrown [s\src\hotspot\share\prims\jni.cpp, line 520]
Event: 6575.456 Thread 0x000002c5729172c0 Exception <a 'sun/nio/fs/WindowsException'{0x00000000d55c0a08}> (0x00000000d55c0a08) 
thrown [s\src\hotspot\share\prims\jni.cpp, line 520]
Event: 6579.213 Thread 0x000002c5737bed50 Implicit null exception at 0x000002c51fa465a1 to 0x000002c51fa4687c
Event: 6591.459 Thread 0x000002c574a24790 Implicit null exception at 0x000002c51fb9a519 to 0x000002c51fb9a65c
Event: 6597.991 Thread 0x000002c5729172c0 Exception <a 'sun/nio/fs/WindowsException'{0x00000000d55ab8f0}> (0x00000000d55ab8f0) 
thrown [s\src\hotspot\share\prims\jni.cpp, line 520]
Event: 6598.197 Thread 0x000002c5729172c0 Exception <a 'sun/nio/fs/WindowsException'{0x00000000d5af3500}> (0x00000000d5af3500) 
thrown [s\src\hotspot\share\prims\jni.cpp, line 520]
Event: 6601.986 Thread 0x000002c576fd0ac0 Exception <a 'java/lang/IncompatibleClassChangeError'{0x00000000d5bf87f0}: Found class java.lang.Object, but interface was expected> (0x00000000d5bf87f0) 
thrown [s\src\hotspot\share\interpreter\linkResolver.cpp, line 840]
Event: 6601.986 Thread 0x000002c576fd0ac0 Implicit null exception at 0x000002c520095c41 to 0x000002c520099538

ZGC Phase Switch (0 events):
No events

VM Operations (20 events):
Event: 6607.868 Executing VM operation: ParallelGCFailedAllocation (Allocation Failure) done
Event: 6607.877 Executing VM operation: ParallelGCFailedAllocation (Allocation Failure)
Event: 6607.881 Executing VM operation: ParallelGCFailedAllocation (Allocation Failure) done
Event: 6607.890 Executing VM operation: ParallelGCFailedAllocation (Allocation Failure)
Event: 6607.894 Executing VM operation: ParallelGCFailedAllocation (Allocation Failure) done
Event: 6607.915 Executing VM operation: ParallelGCFailedAllocation (Allocation Failure)
Event: 6607.918 Executing VM operation: ParallelGCFailedAllocation (Allocation Failure) done
Event: 6607.924 Executing VM operation: ParallelGCFailedAllocation (Allocation Failure)
Event: 6607.926 Executing VM operation: ParallelGCFailedAllocation (Allocation Failure) done
Event: 6607.934 Executing VM operation: ParallelGCFailedAllocation (Allocation Failure)
Event: 6607.938 Executing VM operation: ParallelGCFailedAllocation (Allocation Failure) done
Event: 6607.950 Executing VM operation: ParallelGCFailedAllocation (Allocation Failure)
Event: 6607.954 Executing VM operation: ParallelGCFailedAllocation (Allocation Failure) done
Event: 6609.294 Executing VM operation: ParallelGCFailedAllocation (Allocation Failure)
Event: 6609.296 Executing VM operation: ParallelGCFailedAllocation (Allocation Failure) done
Event: 6609.689 Executing VM operation: ParallelGCFailedAllocation (Allocation Failure)
Event: 6610.691 Executing VM operation: ParallelGCFailedAllocation (Allocation Failure) done
Event: 6610.704 Executing VM operation: ParallelGCFailedAllocation (Allocation Failure)
Event: 6610.707 Executing VM operation: ParallelGCFailedAllocation (Allocation Failure) done
Event: 6611.659 Executing VM operation: ParallelGCFailedAllocation (Allocation Failure)

Memory protections (0 events):
No events

Nmethod flushes (20 events):
Event: 6279.024 Thread 0x000002c514124960 flushing  nmethod 0x000002c51a135c90
Event: 6279.024 Thread 0x000002c514124960 flushing  nmethod 0x000002c51a140d10
Event: 6279.024 Thread 0x000002c514124960 flushing  nmethod 0x000002c51a151590
Event: 6279.024 Thread 0x000002c514124960 flushing  nmethod 0x000002c51a15f890
Event: 6279.024 Thread 0x000002c514124960 flushing  nmethod 0x000002c51a17b010
Event: 6279.024 Thread 0x000002c514124960 flushing  nmethod 0x000002c51a17ce90
Event: 6279.024 Thread 0x000002c514124960 flushing  nmethod 0x000002c51a184790
Event: 6279.024 Thread 0x000002c514124960 flushing  nmethod 0x000002c51a18d710
Event: 6279.024 Thread 0x000002c514124960 flushing  nmethod 0x000002c51a1a5710
Event: 6279.024 Thread 0x000002c514124960 flushing  nmethod 0x000002c51a1aa190
Event: 6279.024 Thread 0x000002c514124960 flushing  nmethod 0x000002c51a1bae90
Event: 6279.024 Thread 0x000002c514124960 flushing  nmethod 0x000002c51a1e3810
Event: 6279.024 Thread 0x000002c514124960 flushing  nmethod 0x000002c51a20ed10
Event: 6279.024 Thread 0x000002c514124960 flushing  nmethod 0x000002c51a22ed90
Event: 6279.024 Thread 0x000002c514124960 flushing  nmethod 0x000002c51a23b990
Event: 6279.024 Thread 0x000002c514124960 flushing osr nmethod 0x000002c51a28af90
Event: 6279.024 Thread 0x000002c514124960 flushing  nmethod 0x000002c51a2ce610
Event: 6279.024 Thread 0x000002c514124960 flushing  nmethod 0x000002c51a2e0590
Event: 6279.024 Thread 0x000002c514124960 flushing  nmethod 0x000002c51a2e7c90
Event: 6279.024 Thread 0x000002c514124960 flushing  nmethod 0x000002c51a2ee390

Events (20 events):
Event: 6387.821 Thread 0x000002c5737c0790 Thread exited: 0x000002c5737c0790
Event: 6437.047 Thread 0x000002c5737be030 Thread added: 0x000002c5737bbf60
Event: 6437.049 Thread 0x000002c5737bbf60 Thread exited: 0x000002c5737bbf60
Event: 6437.054 Thread 0x000002c5737be030 Thread added: 0x000002c5737bb8d0
Event: 6437.054 Thread 0x000002c5737bb8d0 Thread exited: 0x000002c5737bb8d0
Event: 6463.470 Thread 0x000002c5737c0100 Thread exited: 0x000002c5737c0100
Event: 6481.622 Thread 0x000002c5737be030 Thread added: 0x000002c5737be6c0
Event: 6523.471 Thread 0x000002c5737bd310 Thread exited: 0x000002c5737bd310
Event: 6541.623 Thread 0x000002c5737be6c0 Thread exited: 0x000002c5737be6c0
Event: 6562.394 Thread 0x000002c577a9feb0 Thread added: 0x000002c5737be6c0
Event: 6562.541 Thread 0x000002c577a9feb0 Thread added: 0x000002c5737bb8d0
Event: 6562.670 Thread 0x000002c56daaf780 Thread added: 0x000002c574609790
Event: 6562.745 Thread 0x000002c574a28fc0 Thread added: 0x000002c5737bc5f0
Event: 6562.745 Thread 0x000002c5737bed50 Thread added: 0x000002c5737c0790
Event: 6562.745 Thread 0x000002c5737c2ef0 Thread added: 0x000002c5737c0100
Event: 6562.975 Thread 0x000002c574609790 Thread exited: 0x000002c574609790
Event: 6579.115 Thread 0x000002c56daaf780 Thread added: 0x000002c5746090c0
Event: 6579.499 Thread 0x000002c5746090c0 Thread exited: 0x000002c5746090c0
Event: 6579.774 Thread 0x000002c56daf3050 Thread added: 0x000002c574609790
Event: 6581.157 Thread 0x000002c574609790 Thread exited: 0x000002c574609790


Dynamic libraries:
0x00007ff6f5ed0000 - 0x00007ff6f5ede000 	c:\Users\trong\.antigravity\extensions\redhat.java-1.52.0-win32-x64\jre\21.0.9-win32-x86_64\bin\java.exe
0x00007ffa1a4a0000 - 0x00007ffa1a708000 	C:\Windows\SYSTEM32\ntdll.dll
0x00007ffa19590000 - 0x00007ffa19659000 	C:\Windows\System32\KERNEL32.DLL
0x00007ffa17960000 - 0x00007ffa17d51000 	C:\Windows\System32\KERNELBASE.dll
0x00007ffa16ef0000 - 0x00007ffa1703b000 	C:\Windows\System32\ucrtbase.dll
0x00007ffa064c0000 - 0x00007ffa064d8000 	c:\Users\trong\.antigravity\extensions\redhat.java-1.52.0-win32-x64\jre\21.0.9-win32-x86_64\bin\jli.dll
0x00007ffa064e0000 - 0x00007ffa064fe000 	c:\Users\trong\.antigravity\extensions\redhat.java-1.52.0-win32-x64\jre\21.0.9-win32-x86_64\bin\VCRUNTIME140.dll
0x00007ffa18500000 - 0x00007ffa186c6000 	C:\Windows\System32\USER32.dll
0x00007ffa16e10000 - 0x00007ffa16e37000 	C:\Windows\System32\win32u.dll
0x00007ffa198c0000 - 0x00007ffa198eb000 	C:\Windows\System32\GDI32.dll
0x00007ffa17d60000 - 0x00007ffa17e8b000 	C:\Windows\System32\gdi32full.dll
0x00007ffa178b0000 - 0x00007ffa17953000 	C:\Windows\System32\msvcp_win.dll
0x00007ffa01310000 - 0x00007ffa015a3000 	C:\Windows\WinSxS\amd64_microsoft.windows.common-controls_6595b64144ccf1df_6.0.26100.7705_none_3e06597ae3363b04\COMCTL32.dll
0x00007ffa19f20000 - 0x00007ffa19fc9000 	C:\Windows\System32\msvcrt.dll
0x00007ffa19370000 - 0x00007ffa193a1000 	C:\Windows\System32\IMM32.DLL
0x00007ff979360000 - 0x00007ff97936c000 	c:\Users\trong\.antigravity\extensions\redhat.java-1.52.0-win32-x64\jre\21.0.9-win32-x86_64\bin\vcruntime140_1.dll
0x00007ff978e30000 - 0x00007ff978ebd000 	c:\Users\trong\.antigravity\extensions\redhat.java-1.52.0-win32-x64\jre\21.0.9-win32-x86_64\bin\msvcp140.dll
0x00007ff8dad40000 - 0x00007ff8dbae0000 	c:\Users\trong\.antigravity\extensions\redhat.java-1.52.0-win32-x64\jre\21.0.9-win32-x86_64\bin\server\jvm.dll
0x00007ffa18350000 - 0x00007ffa18404000 	C:\Windows\System32\ADVAPI32.dll
0x00007ffa18240000 - 0x00007ffa182e6000 	C:\Windows\System32\sechost.dll
0x00007ffa19c80000 - 0x00007ffa19d98000 	C:\Windows\System32\RPCRT4.dll
0x00007ffa192f0000 - 0x00007ffa19364000 	C:\Windows\System32\WS2_32.dll
0x00007ffa16be0000 - 0x00007ffa16c3e000 	C:\Windows\SYSTEM32\POWRPROF.dll
0x00007ffa10550000 - 0x00007ffa10585000 	C:\Windows\SYSTEM32\WINMM.dll
0x00007ffa10590000 - 0x00007ffa1059b000 	C:\Windows\SYSTEM32\VERSION.dll
0x00007ffa16bc0000 - 0x00007ffa16bd4000 	C:\Windows\SYSTEM32\UMPDC.dll
0x00007ffa15b30000 - 0x00007ffa15b4b000 	C:\Windows\SYSTEM32\kernel.appcore.dll
0x00007ff979350000 - 0x00007ff97935a000 	c:\Users\trong\.antigravity\extensions\redhat.java-1.52.0-win32-x64\jre\21.0.9-win32-x86_64\bin\jimage.dll
0x00007ffa08c00000 - 0x00007ffa08e42000 	C:\Windows\SYSTEM32\DBGHELP.DLL
0x00007ffa198f0000 - 0x00007ffa19c76000 	C:\Windows\System32\combase.dll
0x00007ffa18410000 - 0x00007ffa184e7000 	C:\Windows\System32\OLEAUT32.dll
0x00007ff9f4650000 - 0x00007ff9f468b000 	C:\Windows\SYSTEM32\dbgcore.DLL
0x00007ffa16e40000 - 0x00007ffa16ee5000 	C:\Windows\System32\bcryptPrimitives.dll
0x00007ff9792e0000 - 0x00007ff9792ef000 	c:\Users\trong\.antigravity\extensions\redhat.java-1.52.0-win32-x64\jre\21.0.9-win32-x86_64\bin\instrument.dll
0x00007ff979010000 - 0x00007ff979030000 	c:\Users\trong\.antigravity\extensions\redhat.java-1.52.0-win32-x64\jre\21.0.9-win32-x86_64\bin\java.dll
0x00007ffa18b90000 - 0x00007ffa192e1000 	C:\Windows\System32\SHELL32.dll
0x00007ffa180d0000 - 0x00007ffa1823a000 	C:\Windows\System32\wintypes.dll
0x00007ffa17040000 - 0x00007ffa178a2000 	C:\Windows\System32\windows.storage.dll
0x00007ffa18880000 - 0x00007ffa18976000 	C:\Windows\System32\SHCORE.dll
0x00007ffa18980000 - 0x00007ffa189e7000 	C:\Windows\System32\shlwapi.dll
0x00007ffa16ca0000 - 0x00007ffa16cc9000 	C:\Windows\SYSTEM32\profapi.dll
0x00007ff978ff0000 - 0x00007ff979008000 	c:\Users\trong\.antigravity\extensions\redhat.java-1.52.0-win32-x64\jre\21.0.9-win32-x86_64\bin\zip.dll
0x00007ff9792d0000 - 0x00007ff9792e0000 	C:\Users\trong\.antigravity\extensions\redhat.java-1.52.0-win32-x64\jre\21.0.9-win32-x86_64\bin\net.dll
0x00007ffa11060000 - 0x00007ffa11187000 	C:\Windows\SYSTEM32\WINHTTP.dll
0x00007ffa160a0000 - 0x00007ffa1610b000 	C:\Windows\system32\mswsock.dll
0x00007ff978430000 - 0x00007ff978446000 	C:\Users\trong\.antigravity\extensions\redhat.java-1.52.0-win32-x64\jre\21.0.9-win32-x86_64\bin\nio.dll
0x00007ff978d70000 - 0x00007ff978d80000 	c:\Users\trong\.antigravity\extensions\redhat.java-1.52.0-win32-x64\jre\21.0.9-win32-x86_64\bin\verify.dll
0x00007ff978da0000 - 0x00007ff978de5000 	C:\Users\trong\AppData\Roaming\Antigravity\User\globalStorage\redhat.java\1.52.0\config_win\org.eclipse.equinox.launcher\org.eclipse.equinox.launcher.win32.win32.x86_64_1.2.1500.v20260121-1430\eclipse_11919.dll
0x00007ffa19660000 - 0x00007ffa197f7000 	C:\Windows\System32\ole32.dll
0x00007ffa16360000 - 0x00007ffa1637b000 	C:\Windows\SYSTEM32\CRYPTSP.dll
0x00007ffa15a90000 - 0x00007ffa15ac9000 	C:\Windows\system32\rsaenh.dll
0x00007ffa16150000 - 0x00007ffa1617b000 	C:\Windows\SYSTEM32\USERENV.dll
0x00007ffa16c70000 - 0x00007ffa16c9a000 	C:\Windows\SYSTEM32\bcrypt.dll
0x00007ffa16380000 - 0x00007ffa1638c000 	C:\Windows\SYSTEM32\CRYPTBASE.dll
0x00007ffa15600000 - 0x00007ffa15634000 	C:\Windows\SYSTEM32\IPHLPAPI.DLL
0x00007ffa19800000 - 0x00007ffa1980a000 	C:\Windows\System32\NSI.dll
0x00007ffa073d0000 - 0x00007ffa07419000 	C:\Users\trong\AppData\Local\Temp\jna-110634794\jna9026049546358897317.dll
0x00007ffa184f0000 - 0x00007ffa184f8000 	C:\Windows\System32\PSAPI.DLL
0x00007ffa112c0000 - 0x00007ffa112de000 	C:\Windows\SYSTEM32\dhcpcsvc6.DLL
0x00007ffa11200000 - 0x00007ffa11223000 	C:\Windows\SYSTEM32\dhcpcsvc.DLL

JVMTI agents:
c:\Users\trong\.antigravity\extensions\redhat.java-1.52.0-win32-x64\lombok\lombok-1.18.39-4050.jar path:c:\Users\trong\.antigravity\extensions\redhat.java-1.52.0-win32-x64\jre\21.0.9-win32-x86_64\bin\instrument.dll, loaded, initialized, instrumentlib options:none

dbghelp: loaded successfully - version: 4.0.5 - missing functions: none
symbol engine: initialized successfully - sym options: 0x614 - pdb path: .;c:\Users\trong\.antigravity\extensions\redhat.java-1.52.0-win32-x64\jre\21.0.9-win32-x86_64\bin;C:\Windows\SYSTEM32;C:\Windows\WinSxS\amd64_microsoft.windows.common-controls_6595b64144ccf1df_6.0.26100.7705_none_3e06597ae3363b04;c:\Users\trong\.antigravity\extensions\redhat.java-1.52.0-win32-x64\jre\21.0.9-win32-x86_64\bin\server;C:\Users\trong\AppData\Roaming\Antigravity\User\globalStorage\redhat.java\1.52.0\config_win\org.eclipse.equinox.launcher\org.eclipse.equinox.launcher.win32.win32.x86_64_1.2.1500.v20260121-1430;C:\Users\trong\AppData\Local\Temp\jna-110634794

VM Arguments:
jvm_args: --add-modules=ALL-SYSTEM --add-opens=java.base/java.util=ALL-UNNAMED --add-opens=java.base/java.lang=ALL-UNNAMED --add-opens=java.base/sun.nio.fs=ALL-UNNAMED -Declipse.application=org.eclipse.jdt.ls.core.id1 -Dosgi.bundles.defaultStartLevel=4 -Declipse.product=org.eclipse.jdt.ls.core.product -Djava.import.generatesMetadataFilesAtProjectRoot=false -DDetectVMInstallationsJob.disabled=true -Dfile.encoding=utf8 -XX:+UseParallelGC -XX:GCTimeRatio=4 -XX:AdaptiveSizePolicyWeight=90 -Dsun.zip.disableMemoryMapping=true -Xmx2G -Xms100m -Xlog:disable -javaagent:c:\Users\trong\.antigravity\extensions\redhat.java-1.52.0-win32-x64\lombok\lombok-1.18.39-4050.jar -XX:+HeapDumpOnOutOfMemoryError -XX:HeapDumpPath=c:\Users\trong\AppData\Roaming\Antigravity\User\workspaceStorage\b78f215e9d7d80069c6ed25a07bfdf49\redhat.java -Daether.dependencyCollector.impl=bf 
java_command: c:\Users\trong\.antigravity\extensions\redhat.java-1.52.0-win32-x64\server\plugins\org.eclipse.equinox.launcher_1.7.100.v20251111-0406.jar -configuration c:\Users\trong\AppData\Roaming\Antigravity\User\globalStorage\redhat.java\1.52.0\config_win -data c:\Users\trong\AppData\Roaming\Antigravity\User\workspaceStorage\b78f215e9d7d80069c6ed25a07bfdf49\redhat.java\jdt_ws --pipe=\\.\pipe\lsp-de2c919d8ea5592c20953f2b4bffbaf6-sock
java_class_path (initial): c:\Users\trong\.antigravity\extensions\redhat.java-1.52.0-win32-x64\server\plugins\org.eclipse.equinox.launcher_1.7.100.v20251111-0406.jar
Launcher Type: SUN_STANDARD

[Global flags]
    uintx AdaptiveSizePolicyWeight                 = 90                                        {product} {command line}
     intx CICompilerCount                          = 4                                         {product} {ergonomic}
    uintx GCTimeRatio                              = 4                                         {product} {command line}
     bool HeapDumpOnOutOfMemoryError               = true                                   {manageable} {command line}
    ccstr HeapDumpPath                             = c:\Users\trong\AppData\Roaming\Antigravity\User\workspaceStorage\b78f215e9d7d80069c6ed25a07bfdf49\redhat.java         {manageable} {command line}
   size_t InitialHeapSize                          = 104857600                                 {product} {command line}
   size_t MaxHeapSize                              = 2147483648                                {product} {command line}
   size_t MaxNewSize                               = 715653120                                 {product} {ergonomic}
   size_t MinHeapDeltaBytes                        = 524288                                    {product} {ergonomic}
   size_t MinHeapSize                              = 104857600                                 {product} {command line}
   size_t NewSize                                  = 34603008                                  {product} {ergonomic}
    uintx NonNMethodCodeHeapSize                   = 5839372                                {pd product} {ergonomic}
    uintx NonProfiledCodeHeapSize                  = 122909434                              {pd product} {ergonomic}
   size_t OldSize                                  = 70254592                                  {product} {ergonomic}
    uintx ProfiledCodeHeapSize                     = 122909434                              {pd product} {ergonomic}
    uintx ReservedCodeCacheSize                    = 251658240                              {pd product} {ergonomic}
     bool SegmentedCodeCache                       = true                                      {product} {ergonomic}
   size_t SoftMaxHeapSize                          = 2147483648                             {manageable} {ergonomic}
     bool UseCompressedOops                        = true                           {product lp64_product} {ergonomic}
     bool UseLargePagesIndividualAllocation        = false                                  {pd product} {ergonomic}
     bool UseParallelGC                            = true                                      {product} {command line}

Logging:
Log output configuration:
 #0: stdout all=off uptime,level,tags foldmultilines=false
 #1: stderr all=off uptime,level,tags foldmultilines=false

Release file:
JAVA_VERSION="21.0.9" 
MODULES="java.base java.compiler java.datatransfer java.xml java.prefs java.desktop java.instrument java.logging java.management java.security.sasl java.naming java.rmi java.management.rmi java.net.http java.scripting java.security.jgss java.transaction.xa java.sql java.sql.rowset java.xml.crypto java.se java.smartcardio jdk.accessibility jdk.internal.jvmstat jdk.attach jdk.charsets jdk.internal.opt jdk.zipfs jdk.compiler jdk.crypto.ec jdk.crypto.cryptoki jdk.crypto.mscapi jdk.dynalink jdk.internal.ed jdk.editpad jdk.hotspot.agent jdk.httpserver jdk.internal.le jdk.internal.vm.ci jdk.internal.vm.compiler jdk.internal.vm.compiler.management jdk.jartool jdk.javadoc jdk.jcmd jdk.management jdk.management.agent jdk.jconsole jdk.jdeps jdk.jdwp.agent jdk.jdi jdk.jfr jdk.jshell jdk.jsobject jdk.jstatd jdk.localedata jdk.management.jfr jdk.naming.dns jdk.naming.rmi jdk.net jdk.nio.mapmode jdk.random jdk.sctp jdk.security.auth jdk.security.jgss jdk.unsupported jdk.unsupported.desktop jdk.xml.dom" 

Environment Variables:
PATH=C:\Program Files\Eclipse Adoptium\jdk-21.0.8.9-hotspot\bin;C:\Python313\Scripts\;C:\Python313\;C:\Program Files\Microsoft MPI\Bin\;C:\Program Files\Common Files\Oracle\Java\javapath;C:\Program Files (x86)\Common Files\Oracle\Java\java8path;C:\Program Files (x86)\Common Files\Oracle\Java\javapath;C:\Windows\system32;C:\Windows;C:\Windows\System32\Wbem;C:\Windows\System32\WindowsPowerShell\v1.0\;C:\Windows\System32\OpenSSH\;C:\Program Files\dotnet\;C:\Program Files (x86)\Microsoft SQL Server\160\Tools\Binn\;C:\Program Files\Microsoft SQL Server\160\Tools\Binn\;C:\Program Files\Microsoft SQL Server\Client SDK\ODBC\170\Tools\Binn\;C:\Program Files\Microsoft SQL Server\160\DTS\Binn\;C:\Program Files (x86)\Microsoft SQL Server\160\DTS\Binn\;C:\Program Files\Microsoft SQL Server\170\DTS\Binn\;D:\nodejs\;C:\ProgramData\chocolatey\bin;D:\tool\Git\cmd;C:\Program Files\Cloudflare\Cloudflare WARP\;C:\Users\trong\AppData\Local\Microsoft\WindowsApps;D:\Microsoft VS Code\bin;C:\Users\trong\AppData\Roaming\npm;D:\tool\IntelliJ IDEA 2025.2.1\bin;C:\Users\trong\AppData\Local\Programs\Antigravity\bin
USERNAME=trong
OS=Windows_NT
PROCESSOR_IDENTIFIER=AMD64 Family 25 Model 80 Stepping 0, AuthenticAMD
TMP=C:\Users\trong\AppData\Local\Temp
TEMP=C:\Users\trong\AppData\Local\Temp




Periodic native trim disabled

---------------  S Y S T E M  ---------------

OS:
 Windows 11 , 64 bit Build 26100 (10.0.26100.7705)
OS uptime: 0 days 2:31 hours

CPU: total 12 (initial active 12) (12 cores per cpu, 2 threads per core) family 25 model 80 stepping 0 microcode 0xa50000c, cx8, cmov, fxsr, ht, mmx, 3dnowpref, sse, sse2, sse3, ssse3, sse4a, sse4.1, sse4.2, popcnt, lzcnt, tsc, tscinvbit, avx, avx2, aes, erms, clmul, bmi1, bmi2, adx, sha, fma, vzeroupper, clflush, clflushopt, rdtscp, rdpid, fsrm, f16c, pku, cet_ss
Processor Information for processor 0
  Max Mhz: 3301, Current Mhz: 3301, Mhz Limit: 3301
Processor Information for processor 1
  Max Mhz: 3301, Current Mhz: 3301, Mhz Limit: 3301
Processor Information for processor 2
  Max Mhz: 3301, Current Mhz: 3301, Mhz Limit: 3301
Processor Information for processor 3
  Max Mhz: 3301, Current Mhz: 2630, Mhz Limit: 3301
Processor Information for processor 4
  Max Mhz: 3301, Current Mhz: 2630, Mhz Limit: 3301
Processor Information for processor 5
  Max Mhz: 3301, Current Mhz: 2630, Mhz Limit: 3301
Processor Information for processor 6
  Max Mhz: 3301, Current Mhz: 2630, Mhz Limit: 3301
Processor Information for processor 7
  Max Mhz: 3301, Current Mhz: 3301, Mhz Limit: 3301
Processor Information for processor 8
  Max Mhz: 3301, Current Mhz: 2630, Mhz Limit: 3301
Processor Information for processor 9
  Max Mhz: 3301, Current Mhz: 2630, Mhz Limit: 3301
Processor Information for processor 10
  Max Mhz: 3301, Current Mhz: 3301, Mhz Limit: 3301
Processor Information for processor 11
  Max Mhz: 3301, Current Mhz: 2630, Mhz Limit: 3301

Memory: 4k page, system-wide physical 15752M (690M free)
TotalPageFile size 37321M (AvailPageFile size 5M)
current process WorkingSet (physical memory assigned to process): 1177M, peak: 1177M
current process commit charge ("private bytes"): 1620M, peak: 1822M

vm_info: OpenJDK 64-Bit Server VM (21.0.9+10-LTS) for windows-amd64 JRE (21.0.9+10-LTS), built on 2025-10-21T00:00:00Z by "admin" with unknown MS VC++:1942

END.
